2024-12-25 21:56:50.680777000000 [4705(ThreadId 15)] ERROR APP - [CRITICAL] can not get the initial ghci prompt.
2024-12-25 22:03:25.643203000000 [4996(ThreadId 15)] ERROR APP - [CRITICAL] can not get the initial ghci prompt.
2024-12-25 22:03:25.645952000000 [4996(ThreadId 15)] WARNING APP - InitState EvaluateRequest (EvaluateRequest {seqEvaluateRequest = 3, typeEvaluateRequest = "request", commandEvaluateRequest = "evaluate", argumentsEvaluateRequest = EvaluateRequestArguments {expressionEvaluateRequestArguments = "", frameIdEvaluateRequestArguments = Nothing, contextEvaluateRequestArguments = Just "repl"}}) not supported. nop.
2024-12-25 22:03:25.648139000000 [4996(ThreadId 15)] WARNING APP - InitState EvaluateRequest (EvaluateRequest {seqEvaluateRequest = 4, typeEvaluateRequest = "request", commandEvaluateRequest = "evaluate", argumentsEvaluateRequest = EvaluateRequestArguments {expressionEvaluateRequestArguments = "", frameIdEvaluateRequestArguments = Nothing, contextEvaluateRequestArguments = Just "repl"}}) not supported. nop.
2024-12-25 22:03:25.650135000000 [4996(ThreadId 15)] WARNING APP - InitState EvaluateRequest (EvaluateRequest {seqEvaluateRequest = 5, typeEvaluateRequest = "request", commandEvaluateRequest = "evaluate", argumentsEvaluateRequest = EvaluateRequestArguments {expressionEvaluateRequestArguments = "", frameIdEvaluateRequestArguments = Nothing, contextEvaluateRequestArguments = Just "repl"}}) not supported. nop.
2024-12-25 22:03:25.651992000000 [4996(ThreadId 15)] WARNING APP - InitState EvaluateRequest (EvaluateRequest {seqEvaluateRequest = 6, typeEvaluateRequest = "request", commandEvaluateRequest = "evaluate", argumentsEvaluateRequest = EvaluateRequestArguments {expressionEvaluateRequestArguments = "bhbhl", frameIdEvaluateRequestArguments = Nothing, contextEvaluateRequestArguments = Just "repl"}}) not supported. nop.
2024-12-25 22:03:25.653755000000 [4996(ThreadId 15)] WARNING APP - InitState EvaluateRequest (EvaluateRequest {seqEvaluateRequest = 7, typeEvaluateRequest = "request", commandEvaluateRequest = "evaluate", argumentsEvaluateRequest = EvaluateRequestArguments {expressionEvaluateRequestArguments = "quit", frameIdEvaluateRequestArguments = Nothing, contextEvaluateRequestArguments = Just "repl"}}) not supported. nop.
2024-12-25 22:03:25.655510000000 [4996(ThreadId 15)] WARNING APP - InitState EvaluateRequest (EvaluateRequest {seqEvaluateRequest = 8, typeEvaluateRequest = "request", commandEvaluateRequest = "evaluate", argumentsEvaluateRequest = EvaluateRequestArguments {expressionEvaluateRequestArguments = ":q", frameIdEvaluateRequestArguments = Nothing, contextEvaluateRequestArguments = Just "repl"}}) not supported. nop.
2024-12-25 22:12:24.737518000000 [49176(ThreadId 15)] ERROR APP - [CRITICAL] can not get the initial ghci prompt.
2024-12-25 22:12:38.266115000000 [49202(ThreadId 15)] ERROR APP - [CRITICAL] can not get the initial ghci prompt.
2024-12-25 22:18:28.018753000000 [54507(ThreadId 15)] ERROR APP - [CRITICAL] can not get the initial ghci prompt.
2024-12-26 08:54:11.496909000000 [57915(ThreadId 15)] ERROR APP - [CRITICAL] can not get the initial ghci prompt.
2024-12-26 08:59:00.786569000000 [58290(ThreadId 15)] ERROR APP - [CRITICAL] can not get the initial ghci prompt.
2024-12-26 09:00:20.434626000000 [58343(ThreadId 15)] ERROR APP - [CRITICAL] can not get the initial ghci prompt.
2024-12-26 09:11:01.340968000000 [29742(ThreadId 15)] ERROR APP - [CRITICAL] can not get the initial ghci prompt.
2024-12-26 09:58:21.835708000000 [41255(ThreadId 15)] ERROR APP - user error (<getModule> loaded module can not find from path. </Users/alexhubitski/Samples/playground3/src/Main.hs> [])
2024-12-26 09:58:21.862586000000 [41255(ThreadId 15)] ERROR APP - start debugging failed. user error (ExecResult not found.) : Left "user error (ExecResult not found.)"
2024-12-26 10:00:26.984690000000 [41751(ThreadId 15)] ERROR APP - user error (<getModule> loaded module can not find from path. </Users/alexhubitski/Samples/playground3/src/Main.hs> [])
2024-12-26 10:00:26.994443000000 [41751(ThreadId 15)] ERROR APP - start debugging failed. user error (ExecResult not found.) : Left "user error (ExecResult not found.)"
2024-12-26 10:00:56.751806000000 [42028(ThreadId 15)] ERROR APP - user error (<getModule> loaded module can not find from path. </Users/alexhubitski/Samples/playground3/src/Main.hs> [])
2024-12-26 10:00:56.764182000000 [42028(ThreadId 15)] ERROR APP - start debugging failed. user error (ExecResult not found.) : Left "user error (ExecResult not found.)"
2024-12-26 10:05:29.133243000000 [42880(ThreadId 15)] ERROR APP - [CRITICAL] can not get the initial ghci prompt.
2024-12-26 19:11:54.259477000000 [55708(ThreadId 15)] ERROR APP - start debugging failed. user error (ExecResult not found.) : Left "user error (ExecResult not found.)"
2024-12-26 19:13:53.382249000000 [56024(ThreadId 15)] ERROR APP - [CRITICAL] can not get the initial ghci prompt.
2024-12-26 19:14:51.862410000000 [56056(ThreadId 15)] ERROR APP - [CRITICAL] can not get the initial ghci prompt.
2024-12-26 19:16:26.298155000000 [56123(ThreadId 15)] ERROR APP - start debugging failed. user error (ExecResult not found.) : Left "user error (ExecResult not found.)"
2024-12-26 19:18:58.959312000000 [57478(ThreadId 15)] ERROR APP - start debugging failed. user error (ExecResult not found.) : Left "user error (ExecResult not found.)"
2024-12-26 19:24:01.150496000000 [58170(ThreadId 15)] ERROR APP - [CRITICAL] can not get the initial ghci prompt.
